Flow report for lab12_G06_bonus
Fri Jun 14 10:31:16 2024
Quartus II Version 9.1 Build 350 03/24/2010 Service Pack 2 SJ Web Edition


---------------------
; Table of Contents ;
---------------------
  1. Legal Notice
  2. Flow Summary
  3. Flow Settings
  4. Flow Non-Default Global Settings
  5. Flow Elapsed Time
  6. Flow OS Summary
  7. Flow Log



----------------
; Legal Notice ;
----------------
Copyright (C) 1991-2010 Altera Corporation
Your use of Altera Corporation's design tools, logic functions 
and other software and tools, and its AMPP partner logic 
functions, and any output files from any of the foregoing 
(including device programming or simulation files), and any 
associated documentation or information are expressly subject 
to the terms and conditions of the Altera Program License 
Subscription Agreement, Altera MegaCore Function License 
Agreement, or other applicable license agreement, including, 
without limitation, that your use is for the sole purpose of 
programming logic devices manufactured by Altera and sold by 
Altera or its authorized distributors.  Please refer to the 
applicable agreement for further details.



+-----------------------------------------------------------------------------------+
; Flow Summary                                                                      ;
+------------------------------------+----------------------------------------------+
; Flow Status                        ; Successful - Fri Jun 14 10:31:16 2024        ;
; Quartus II Version                 ; 9.1 Build 350 03/24/2010 SP 2 SJ Web Edition ;
; Revision Name                      ; lab12_G06_bonus                              ;
; Top-level Entity Name              ; lab12_G06_bonus                              ;
; Family                             ; Cyclone III                                  ;
; Device                             ; EP3C16F484C6                                 ;
; Timing Models                      ; Final                                        ;
; Met timing requirements            ; N/A                                          ;
; Total logic elements               ; 154 / 15,408 ( < 1 % )                       ;
;     Total combinational functions  ; 153 / 15,408 ( < 1 % )                       ;
;     Dedicated logic registers      ; 71 / 15,408 ( < 1 % )                        ;
; Total registers                    ; 71                                           ;
; Total pins                         ; 20 / 347 ( 6 % )                             ;
; Total virtual pins                 ; 0                                            ;
; Total memory bits                  ; 0 / 516,096 ( 0 % )                          ;
; Embedded Multiplier 9-bit elements ; 0 / 112 ( 0 % )                              ;
; Total PLLs                         ; 0 / 4 ( 0 % )                                ;
+------------------------------------+----------------------------------------------+


+-----------------------------------------+
; Flow Settings                           ;
+-------------------+---------------------+
; Option            ; Setting             ;
+-------------------+---------------------+
; Start date & time ; 06/14/2024 10:31:04 ;
; Main task         ; Compilation         ;
; Revision Name     ; lab12_G06_bonus     ;
+-------------------+---------------------+


+-------------------------------------------------------------------------------------------------------------------------------------------------+
; Flow Non-Default Global Settings                                                                                                                ;
+------------------------------------+-------------------------------------------------------------+---------------+-------------+----------------+
; Assignment Name                    ; Value                                                       ; Default Value ; Entity Name ; Section Id     ;
+------------------------------------+-------------------------------------------------------------+---------------+-------------+----------------+
; COMPILER_SIGNATURE_ID              ; 273457580666885.171833226420736                             ; --            ; --          ; --             ;
; EDA_OUTPUT_DATA_FORMAT             ; Vhdl                                                        ; --            ; --          ; eda_simulation ;
; EDA_SIMULATION_TOOL                ; ModelSim-Altera (VHDL)                                      ; <None>        ; --          ; --             ;
; MAX_CORE_JUNCTION_TEMP             ; 85                                                          ; --            ; --          ; --             ;
; MIN_CORE_JUNCTION_TEMP             ; 0                                                           ; --            ; --          ; --             ;
; MISC_FILE                          ; C:/altera/91sp2/quartus/lab12_G06_bonus/lab12_G06_bonus.dpf ; --            ; --          ; --             ;
; NOMINAL_CORE_SUPPLY_VOLTAGE        ; 1.2V                                                        ; --            ; --          ; --             ;
; PARTITION_COLOR                    ; 16764057                                                    ; --            ; --          ; Top            ;
; PARTITION_NETLIST_TYPE             ; SOURCE                                                      ; --            ; --          ; Top            ;
; USE_GENERATED_PHYSICAL_CONSTRAINTS ; Off                                                         ; --            ; --          ; eda_blast_fpga ;
+------------------------------------+-------------------------------------------------------------+---------------+-------------+----------------+


+-------------------------------------------------------------------------------------------------------------------------------+
; Flow Elapsed Time                                                                                                             ;
+---------------------------+--------------+-------------------------+---------------------+------------------------------------+
; Module Name               ; Elapsed Time ; Average Processors Used ; Peak Virtual Memory ; Total CPU Time (on all processors) ;
+---------------------------+--------------+-------------------------+---------------------+------------------------------------+
; Analysis & Synthesis      ; 00:00:01     ; 1.0                     ; 250 MB              ; 00:00:01                           ;
; Fitter                    ; 00:00:05     ; 1.0                     ; 297 MB              ; 00:00:02                           ;
; TimeQuest Timing Analyzer ; 00:00:02     ; 1.0                     ; 242 MB              ; 00:00:01                           ;
; Assembler                 ; 00:00:01     ; 1.0                     ; 238 MB              ; 00:00:01                           ;
; EDA Netlist Writer        ; 00:00:01     ; 1.0                     ; 181 MB              ; 00:00:00                           ;
; Total                     ; 00:00:09     ; --                      ; --                  ; 00:00:04                           ;
+---------------------------+--------------+-------------------------+---------------------+------------------------------------+


+--------------------------------------------------------------------------------------------+
; Flow OS Summary                                                                            ;
+---------------------------+------------------+---------------+------------+----------------+
; Module Name               ; Machine Hostname ; OS Name       ; OS Version ; Processor type ;
+---------------------------+------------------+---------------+------------+----------------+
; Analysis & Synthesis      ; ©ù©ù£x¤p¶Â       ; Windows Vista ; 6.2        ; x86_64         ;
; Fitter                    ; ©ù©ù£x¤p¶Â       ; Windows Vista ; 6.2        ; x86_64         ;
; Assembler                 ; ©ù©ù£x¤p¶Â       ; Windows Vista ; 6.2        ; x86_64         ;
; TimeQuest Timing Analyzer ; ©ù©ù£x¤p¶Â       ; Windows Vista ; 6.2        ; x86_64         ;
; EDA Netlist Writer        ; ©ù©ù£x¤p¶Â       ; Windows Vista ; 6.2        ; x86_64         ;
+---------------------------+------------------+---------------+------------+----------------+


------------
; Flow Log ;
------------
quartus_map --read_settings_files=on --write_settings_files=off lab12_G06_bonus -c lab12_G06_bonus
quartus_fit --read_settings_files=off --write_settings_files=off lab12_G06_bonus -c lab12_G06_bonus
quartus_asm --read_settings_files=off --write_settings_files=off lab12_G06_bonus -c lab12_G06_bonus
quartus_sta lab12_G06_bonus -c lab12_G06_bonus
quartus_eda --read_settings_files=off --write_settings_files=off lab12_G06_bonus -c lab12_G06_bonus



