Flow report for s1113341_lab09
Tue May 07 23:24:20 2024
Quartus II Version 9.1 Build 350 03/24/2010 Service Pack 2 SJ Web Edition


---------------------
; Table of Contents ;
---------------------
  1. Legal Notice
  2. Flow Summary
  3. Flow Settings
  4. Flow Non-Default Global Settings
  5. Flow Elapsed Time
  6. Flow OS Summary
  7. Flow Log



----------------
; Legal Notice ;
----------------
Copyright (C) 1991-2010 Altera Corporation
Your use of Altera Corporation's design tools, logic functions 
and other software and tools, and its AMPP partner logic 
functions, and any output files from any of the foregoing 
(including device programming or simulation files), and any 
associated documentation or information are expressly subject 
to the terms and conditions of the Altera Program License 
Subscription Agreement, Altera MegaCore Function License 
Agreement, or other applicable license agreement, including, 
without limitation, that your use is for the sole purpose of 
programming logic devices manufactured by Altera and sold by 
Altera or its authorized distributors.  Please refer to the 
applicable agreement for further details.



+-----------------------------------------------------------------------------------+
; Flow Summary                                                                      ;
+------------------------------------+----------------------------------------------+
; Flow Status                        ; Successful - Tue May 07 23:24:20 2024        ;
; Quartus II Version                 ; 9.1 Build 350 03/24/2010 SP 2 SJ Web Edition ;
; Revision Name                      ; s1113341_lab09                               ;
; Top-level Entity Name              ; s1113341_lab09                               ;
; Family                             ; Cyclone III                                  ;
; Met timing requirements            ; N/A                                          ;
; Total logic elements               ; 17 / 15,408 ( < 1 % )                        ;
;     Total combinational functions  ; 17 / 15,408 ( < 1 % )                        ;
;     Dedicated logic registers      ; 7 / 15,408 ( < 1 % )                         ;
; Total registers                    ; 7                                            ;
; Total pins                         ; 19 / 347 ( 5 % )                             ;
; Total virtual pins                 ; 0                                            ;
; Total memory bits                  ; 0 / 516,096 ( 0 % )                          ;
; Embedded Multiplier 9-bit elements ; 0 / 112 ( 0 % )                              ;
; Total PLLs                         ; 0 / 4 ( 0 % )                                ;
; Device                             ; EP3C16F484C6                                 ;
; Timing Models                      ; Final                                        ;
+------------------------------------+----------------------------------------------+


+-----------------------------------------+
; Flow Settings                           ;
+-------------------+---------------------+
; Option            ; Setting             ;
+-------------------+---------------------+
; Start date & time ; 05/07/2024 23:24:11 ;
; Main task         ; Compilation         ;
; Revision Name     ; s1113341_lab09      ;
+-------------------+---------------------+


+-----------------------------------------------------------------------------------------------------------------------+
; Flow Non-Default Global Settings                                                                                      ;
+--------------------------------------+---------------------------------+---------------+-------------+----------------+
; Assignment Name                      ; Value                           ; Default Value ; Entity Name ; Section Id     ;
+--------------------------------------+---------------------------------+---------------+-------------+----------------+
; COMPILER_SIGNATURE_ID                ; 273457580666885.171509545126152 ; --            ; --          ; --             ;
; EDA_DESIGN_INSTANCE_NAME             ; DUT                             ; --            ; --          ; test           ;
; EDA_NATIVELINK_SIMULATION_TEST_BENCH ; test                            ; --            ; --          ; eda_simulation ;
; EDA_OUTPUT_DATA_FORMAT               ; Verilog Hdl                     ; --            ; --          ; eda_simulation ;
; EDA_RUN_TOOL_AUTOMATICALLY           ; On                              ; --            ; --          ; eda_simulation ;
; EDA_SIMULATION_TOOL                  ; ModelSim-Altera (Verilog)       ; <None>        ; --          ; --             ;
; EDA_TEST_BENCH_ENABLE_STATUS         ; TEST_BENCH_MODE                 ; --            ; --          ; eda_simulation ;
; EDA_TEST_BENCH_FILE                  ; test.v                          ; --            ; --          ; test           ;
; EDA_TEST_BENCH_MODULE_NAME           ; test                            ; --            ; --          ; test           ;
; EDA_TEST_BENCH_NAME                  ; test                            ; --            ; --          ; eda_simulation ;
; EDA_TEST_BENCH_RUN_SIM_FOR           ; 1 us                            ; --            ; --          ; test           ;
; EDA_TIME_SCALE                       ; 10 ns                           ; --            ; --          ; eda_simulation ;
; PARTITION_COLOR                      ; 16764057                        ; --            ; --          ; Top            ;
; PARTITION_NETLIST_TYPE               ; SOURCE                          ; --            ; --          ; Top            ;
; USE_GENERATED_PHYSICAL_CONSTRAINTS   ; Off                             ; --            ; --          ; eda_blast_fpga ;
+--------------------------------------+---------------------------------+---------------+-------------+----------------+


+-------------------------------------------------------------------------------------------------------------------------------+
; Flow Elapsed Time                                                                                                             ;
+---------------------------+--------------+-------------------------+---------------------+------------------------------------+
; Module Name               ; Elapsed Time ; Average Processors Used ; Peak Virtual Memory ; Total CPU Time (on all processors) ;
+---------------------------+--------------+-------------------------+---------------------+------------------------------------+
; Analysis & Synthesis      ; 00:00:01     ; 1.0                     ; 250 MB              ; 00:00:01                           ;
; Fitter                    ; 00:00:03     ; 1.0                     ; 296 MB              ; 00:00:02                           ;
; TimeQuest Timing Analyzer ; 00:00:02     ; 1.0                     ; 261 MB              ; 00:00:00                           ;
; Assembler                 ; 00:00:01     ; 1.0                     ; 238 MB              ; 00:00:00                           ;
; EDA Netlist Writer        ; 00:00:01     ; 1.0                     ; 192 MB              ; 00:00:00                           ;
; Total                     ; 00:00:07     ; --                      ; --                  ; 00:00:03                           ;
+---------------------------+--------------+-------------------------+---------------------+------------------------------------+


+--------------------------------------------------------------------------------------------+
; Flow OS Summary                                                                            ;
+---------------------------+------------------+---------------+------------+----------------+
; Module Name               ; Machine Hostname ; OS Name       ; OS Version ; Processor type ;
+---------------------------+------------------+---------------+------------+----------------+
; Analysis & Synthesis      ; ©ù©ù£x¤p¶Â       ; Windows Vista ; 6.2        ; x86_64         ;
; Fitter                    ; ©ù©ù£x¤p¶Â       ; Windows Vista ; 6.2        ; x86_64         ;
; Assembler                 ; ©ù©ù£x¤p¶Â       ; Windows Vista ; 6.2        ; x86_64         ;
; TimeQuest Timing Analyzer ; ©ù©ù£x¤p¶Â       ; Windows Vista ; 6.2        ; x86_64         ;
; EDA Netlist Writer        ; ©ù©ù£x¤p¶Â       ; Windows Vista ; 6.2        ; x86_64         ;
+---------------------------+------------------+---------------+------------+----------------+


------------
; Flow Log ;
------------
quartus_map --read_settings_files=on --write_settings_files=off s1113341_lab09 -c s1113341_lab09
quartus_fit --read_settings_files=off --write_settings_files=off s1113341_lab09 -c s1113341_lab09
quartus_asm --read_settings_files=off --write_settings_files=off s1113341_lab09 -c s1113341_lab09
quartus_sta s1113341_lab09 -c s1113341_lab09
quartus_eda --read_settings_files=off --write_settings_files=off s1113341_lab09 -c s1113341_lab09



